<?xml version="1.0" encoding="UTF-8"?>
<testng-results skipped="0" failed="0" ignored="0" total="1" passed="1">
  <reporter-output>
  </reporter-output>
  <suite name="Default suite" duration-ms="10069" started-at="2019-03-07T09:50:43Z" finished-at="2019-03-07T09:50:53Z">
    <groups>
    </groups>
    <test name="Default test" duration-ms="10069" started-at="2019-03-07T09:50:43Z" finished-at="2019-03-07T09:50:53Z">
      <class name="mavenProject.Google">
        <test-method status="PASS" signature="LaunchAppTest()[pri:0, instance:mavenProject.Google@675d3402]" name="LaunchAppTest" is-config="true" duration-ms="7058" started-at="2019-03-07T15:20:43Z" finished-at="2019-03-07T15:20:50Z">
          <reporter-output>
          </reporter-output>
        </test-method> <!-- LaunchAppTest -->
        <test-method status="PASS" signature="f()[pri:0, instance:mavenProject.Google@675d3402]" name="f" duration-ms="33" started-at="2019-03-07T15:20:50Z" finished-at="2019-03-07T15:20:50Z">
          <reporter-output>
          </reporter-output>
        </test-method> <!-- f -->
        <test-method status="PASS" signature="BrowserCloseTest()[pri:0, instance:mavenProject.Google@675d3402]" name="BrowserCloseTest" is-config="true" duration-ms="2948" started-at="2019-03-07T15:20:50Z" finished-at="2019-03-07T15:20:53Z">
          <reporter-output>
          </reporter-output>
        </test-method> <!-- BrowserCloseTest -->
      </class> <!-- mavenProject.Google -->
    </test> <!-- Default test -->
  </suite> <!-- Default suite -->
</testng-results>
